[2016-09-26 18:54:02] local.ERROR: PDOException: SQLSTATE[HY000] [1045] Access denied for user 'homestead'@'localhost' (using password: YES) in C:\xampp\htdocs\alejocarvajal\vendor\laravel\framework\src\Illuminate\Database\Connectors\Connector.php:119
Stack trace:
#0 C:\xampp\htdocs\alejocarvajal\vendor\laravel\framework\src\Illuminate\Database\Connectors\Connector.php(119): PDO->__construct('mysql:host=127....', 'homestead', 'secret', Array)
#1 C:\xampp\htdocs\alejocarvajal\vendor\laravel\framework\src\Illuminate\Database\Connectors\Connector.php(56): Illuminate\Database\Connectors\Connector->createPdoConnection('mysql:host=127....', 'homestead', 'secret', Array)
#2 C:\xampp\htdocs\alejocarvajal\vendor\laravel\framework\src\Illuminate\Database\Connectors\MySqlConnector.php(24): Illuminate\Database\Connectors\Connector->createConnection('mysql:host=127....', Array, Array)
#3 C:\xampp\htdocs\alejocarvajal\vendor\laravel\framework\src\Illuminate\Database\Connectors\ConnectionFactory.php(100): Illuminate\Database\Connectors\MySqlConnector->connect(Array)
#4 [internal function]: Illuminate\Database\Connectors\ConnectionFactory->Illuminate\Database\Connectors\{closure}()
#5 C:\xampp\htdocs\alejocarvajal\vendor\laravel\framework\src\Illuminate\Database\Connection.php(956): call_user_func(Object(Closure))
#6 C:\xampp\htdocs\alejocarvajal\vendor\laravel\framework\src\Illuminate\Database\Connection.php(824): Illuminate\Database\Connection->getPdo()
#7 C:\xampp\htdocs\alejocarvajal\vendor\laravel\framework\src\Illuminate\Database\Connection.php(709): Illuminate\Database\Connection->reconnectIfMissingConnection()
#8 C:\xampp\htdocs\alejocarvajal\vendor\laravel\framework\src\Illuminate\Database\Connection.php(351): Illuminate\Database\Connection->run('select * from i...', Array, Object(Closure))
#9 C:\xampp\htdocs\alejocarvajal\vendor\laravel\framework\src\Illuminate\Database\Schema\MySqlBuilder.php(21): Illuminate\Database\Connection->select('select * from i...', Array)
#10 C:\xampp\htdocs\alejocarvajal\vendor\laravel\framework\src\Illuminate\Database\Migrations\DatabaseMigrationRepository.php(154): Illuminate\Database\Schema\MySqlBuilder->hasTable('migrations')
#11 C:\xampp\htdocs\alejocarvajal\vendor\laravel\framework\src\Illuminate\Database\Migrations\Migrator.php(474): Illuminate\Database\Migrations\DatabaseMigrationRepository->repositoryExists()
#12 C:\xampp\htdocs\alejocarvajal\vendor\laravel\framework\src\Illuminate\Database\Console\Migrations\MigrateCommand.php(92): Illuminate\Database\Migrations\Migrator->repositoryExists()
#13 C:\xampp\htdocs\alejocarvajal\vendor\laravel\framework\src\Illuminate\Database\Console\Migrations\MigrateCommand.php(58): Illuminate\Database\Console\Migrations\MigrateCommand->prepareDatabase()
#14 [internal function]: Illuminate\Database\Console\Migrations\MigrateCommand->fire()
#15 C:\xampp\htdocs\alejocarvajal\vendor\laravel\framework\src\Illuminate\Container\Container.php(507): call_user_func_array(Array, Array)
#16 C:\xampp\htdocs\alejocarvajal\vendor\laravel\framework\src\Illuminate\Console\Command.php(169): Illuminate\Container\Container->call(Array)
#17 C:\xampp\htdocs\alejocarvajal\vendor\symfony\console\Command\Command.php(256): Illuminate\Console\Command->execute(Object(Symfony\Component\Console\Input\ArgvInput), Object(Symfony\Component\Console\Output\ConsoleOutput))
#18 C:\xampp\htdocs\alejocarvajal\vendor\laravel\framework\src\Illuminate\Console\Command.php(155): Symfony\Component\Console\Command\Command->run(Object(Symfony\Component\Console\Input\ArgvInput), Object(Symfony\Component\Console\Output\ConsoleOutput))
#19 C:\xampp\htdocs\alejocarvajal\vendor\symfony\console\Application.php(818): Illuminate\Console\Command->run(Object(Symfony\Component\Console\Input\ArgvInput), Object(Symfony\Component\Console\Output\ConsoleOutput))
#20 C:\xampp\htdocs\alejocarvajal\vendor\symfony\console\Application.php(186): Symfony\Component\Console\Application->doRunCommand(Object(Illuminate\Database\Console\Migrations\MigrateCommand), Object(Symfony\Component\Console\Input\ArgvInput), Object(Symfony\Component\Console\Output\ConsoleOutput))
#21 C:\xampp\htdocs\alejocarvajal\vendor\symfony\console\Application.php(117): Symfony\Component\Console\Application->doRun(Object(Symfony\Component\Console\Input\ArgvInput), Object(Symfony\Component\Console\Output\ConsoleOutput))
#22 C:\xampp\htdocs\alejocarvajal\vendor\laravel\framework\src\Illuminate\Foundation\Console\Kernel.php(122): Symfony\Component\Console\Application->run(Object(Symfony\Component\Console\Input\ArgvInput), Object(Symfony\Component\Console\Output\ConsoleOutput))
#23 C:\xampp\htdocs\alejocarvajal\artisan(35): Illuminate\Foundation\Console\Kernel->handle(Object(Symfony\Component\Console\Input\ArgvInput), Object(Symfony\Component\Console\Output\ConsoleOutput))
#24 {main}  
